Removed Pin From Net: NetName=NetC2_1 Pin=C2-1
Removed Pin From Net: NetName=D2_GND Pin=C2-2
Removed Pin From Net: NetName=D2+5V Pin=CP2-1
Removed Pin From Net: NetName=D2_GND Pin=CP2-2
Removed Pin From Net: NetName=NetD1_1 Pin=D1-1
Removed Pin From Net: NetName=I/O_IN0 Pin=D1-2
Removed Pin From Net: NetName=I/O_IN1 Pin=D2-2
Removed Pin From Net: NetName=I/O_IN2 Pin=D3-2
Removed Pin From Net: NetName=I/O_IN3 Pin=D4-2
Removed Pin From Net: NetName=OUT0 Pin=D5-1
Removed Pin From Net: NetName=OUT_COM+ Pin=D5-2
Removed Pin From Net: NetName=OUT1 Pin=D6-1
Removed Pin From Net: NetName=OUT_COM+ Pin=D6-2
Removed Pin From Net: NetName=OUT2 Pin=D7-1
Removed Pin From Net: NetName=OUT_COM+ Pin=D7-2
Removed Pin From Net: NetName=OUT3 Pin=D8-1
Removed Pin From Net: NetName=OUT_COM+ Pin=D8-2
Removed Pin From Net: NetName=NetD9_2 Pin=D9-2
Removed Pin From Net: NetName=NetD10_2 Pin=D10-2
Removed Pin From Net: NetName=NetD11_1 Pin=D11-1
Removed Pin From Net: NetName=I/O_IN4 Pin=D11-2
Removed Pin From Net: NetName=NetD12_1 Pin=D12-1
Removed Pin From Net: NetName=I/O_IN5 Pin=D12-2
Removed Pin From Net: NetName=NetD13_1 Pin=D13-1
Removed Pin From Net: NetName=I/O_IN6 Pin=D13-2
Removed Pin From Net: NetName=NetD14_1 Pin=D14-1
Removed Pin From Net: NetName=I/O_IN7 Pin=D14-2
Removed Pin From Net: NetName=NetD15_2 Pin=D15-2
Removed Pin From Net: NetName=NetD17_1 Pin=D17-1
Removed Pin From Net: NetName=I/O_IN8 Pin=D17-2
Removed Pin From Net: NetName=NetD18_1 Pin=D18-1
Removed Pin From Net: NetName=I/O_IN9 Pin=D18-2
Removed Pin From Net: NetName=NetD19_1 Pin=D19-1
Removed Pin From Net: NetName=I/O_IN10 Pin=D19-2
Removed Pin From Net: NetName=NetD20_1 Pin=D20-1
Removed Pin From Net: NetName=I/O_IN11 Pin=D20-2
Removed Pin From Net: NetName=NetD21_1 Pin=D21-1
Removed Pin From Net: NetName=I/O_IN12 Pin=D21-2
Removed Pin From Net: NetName=NetD22_1 Pin=D22-1
Removed Pin From Net: NetName=I/O_IN13 Pin=D22-2
Removed Pin From Net: NetName=NetD23_1 Pin=D23-1
Removed Pin From Net: NetName=I/O_IN14 Pin=D23-2
Removed Pin From Net: NetName=NetD24_1 Pin=D24-1
Removed Pin From Net: NetName=I/O_IN15 Pin=D24-2
Removed Pin From Net: NetName=OUT10 Pin=D35-1
Removed Pin From Net: NetName=OUT_COM+ Pin=D35-2
Removed Pin From Net: NetName=OUT11 Pin=D36-1
Removed Pin From Net: NetName=OUT_COM+ Pin=D36-2
Removed Pin From Net: NetName=NetD39_1 Pin=D39-1
Removed Pin From Net: NetName=NetD39_2 Pin=D39-2
Removed Pin From Net: NetName=NetD40_1 Pin=D40-1
Removed Pin From Net: NetName=NetD40_2 Pin=D40-2
Removed Pin From Net: NetName=OUT12 Pin=D41-1
Removed Pin From Net: NetName=OUT_COM+ Pin=D41-2
Removed Pin From Net: NetName=OUT13 Pin=D42-1
Removed Pin From Net: NetName=OUT_COM+ Pin=D42-2
Removed Pin From Net: NetName=OUT14 Pin=D43-1
Removed Pin From Net: NetName=OUT_COM+ Pin=D43-2
Removed Pin From Net: NetName=OUT15 Pin=D44-1
Removed Pin From Net: NetName=OUT_COM+ Pin=D44-2
Removed Pin From Net: NetName=NetD45_1 Pin=D45-1
Removed Pin From Net: NetName=NetD45_2 Pin=D45-2
Removed Pin From Net: NetName=NetD46_1 Pin=D46-1
Removed Pin From Net: NetName=NetD46_2 Pin=D46-2
Removed Pin From Net: NetName=AC3 Pin=D54-1
Removed Pin From Net: NetName=NetC2_1 Pin=D54-2
Removed Pin From Net: NetName=AC2 Pin=D55-1
Removed Pin From Net: NetName=NetC2_1 Pin=D55-2
Removed Pin From Net: NetName=D2_GND Pin=D56-1
Removed Pin From Net: NetName=D2_GND Pin=D57-1
Removed Pin From Net: NetName=AC3 Pin=D57-2
Removed Pin From Net: NetName=D2_GND Pin=D58-1
Removed Pin From Net: NetName=AC2 Pin=D58-2
Removed Pin From Net: NetName=IN_10 Pin=J1-21
Removed Pin From Net: NetName=I/O OUT_10 Pin=J1-22
Removed Pin From Net: NetName=IN_11 Pin=J1-23
Removed Pin From Net: NetName=I/O OUT_11 Pin=J1-24
Removed Pin From Net: NetName=IN_12 Pin=J1-25
Removed Pin From Net: NetName=I/O OUT_12 Pin=J1-26
Removed Pin From Net: NetName=IN_13 Pin=J1-27
Removed Pin From Net: NetName=I/O OUT_13 Pin=J1-28
Removed Pin From Net: NetName=IN_14 Pin=J1-29
Removed Pin From Net: NetName=I/O OUT_14 Pin=J1-30
Removed Pin From Net: NetName=IN_15 Pin=J1-31
Removed Pin From Net: NetName=I/O OUT_15 Pin=J1-32
Removed Pin From Net: NetName=IN_COM+ Pin=J1-33
Removed Pin From Net: NetName=I/O OUT_COM+ Pin=J1-34
Removed Pin From Net: NetName=D1_GND Pin=J3-1
Removed Pin From Net: NetName=D1+5V Pin=J3-2
Removed Pin From Net: NetName=D2_GND Pin=J3-3
Removed Pin From Net: NetName=D2+5V Pin=J3-4
Removed Pin From Net: NetName=D2+5V Pin=LP2-2
Removed Pin From Net: NetName=NetD1_1 Pin=R1-1
Removed Pin From Net: NetName=IN_0 Pin=R1-2
Removed Pin From Net: NetName=NetD2_1 Pin=R2-1
Removed Pin From Net: NetName=IN_1 Pin=R2-2
Removed Pin From Net: NetName=NetD3_1 Pin=R3-1
Removed Pin From Net: NetName=IN_2 Pin=R3-2
Removed Pin From Net: NetName=NetD4_1 Pin=R4-1
Removed Pin From Net: NetName=IN_3 Pin=R4-2
Removed Pin From Net: NetName=NetD9_1 Pin=R9-2
Removed Pin From Net: NetName=NetD11_1 Pin=R11-1
Removed Pin From Net: NetName=IN_4 Pin=R11-2
Removed Pin From Net: NetName=NetD12_1 Pin=R12-1
Removed Pin From Net: NetName=IN_5 Pin=R12-2
Removed Pin From Net: NetName=NetD13_1 Pin=R13-1
Removed Pin From Net: NetName=IN_6 Pin=R13-2
Removed Pin From Net: NetName=NetD14_1 Pin=R14-1
Removed Pin From Net: NetName=IN_7 Pin=R14-2
Removed Pin From Net: NetName=NetD17_1 Pin=R17-1
Removed Pin From Net: NetName=IN_8 Pin=R17-2
Removed Pin From Net: NetName=NetD18_1 Pin=R18-1
Removed Pin From Net: NetName=IN_9 Pin=R18-2
Removed Pin From Net: NetName=NetD19_1 Pin=R19-1
Removed Pin From Net: NetName=IN_10 Pin=R19-2
Removed Pin From Net: NetName=NetD20_1 Pin=R20-1
Removed Pin From Net: NetName=IN_11 Pin=R20-2
Removed Pin From Net: NetName=NetD21_1 Pin=R21-1
Removed Pin From Net: NetName=IN_12 Pin=R21-2
Removed Pin From Net: NetName=NetD22_1 Pin=R22-1
Removed Pin From Net: NetName=IN_13 Pin=R22-2
Removed Pin From Net: NetName=NetD23_1 Pin=R23-1
Removed Pin From Net: NetName=IN_14 Pin=R23-2
Removed Pin From Net: NetName=NetD24_1 Pin=R24-1
Removed Pin From Net: NetName=IN_15 Pin=R24-2
Removed Pin From Net: NetName=OUT_COM+ Pin=R35-1
Removed Pin From Net: NetName=OUT_COM+ Pin=R36-1
Removed Pin From Net: NetName=I/O OUT_COM+ Pin=R39-1
Removed Pin From Net: NetName=NetD39_1 Pin=R39-2
Removed Pin From Net: NetName=I/O OUT_COM+ Pin=R40-1
Removed Pin From Net: NetName=NetD40_1 Pin=R40-2
Removed Pin From Net: NetName=OUT_COM+ Pin=R41-1
Removed Pin From Net: NetName=OUT_COM+ Pin=R42-1
Removed Pin From Net: NetName=OUT_COM+ Pin=R43-1
Removed Pin From Net: NetName=OUT_COM+ Pin=R44-1
Removed Pin From Net: NetName=I/O OUT_COM+ Pin=R45-1
Removed Pin From Net: NetName=NetD45_1 Pin=R45-2
Removed Pin From Net: NetName=I/O OUT_COM+ Pin=R46-1
Removed Pin From Net: NetName=NetD46_1 Pin=R46-2
Removed Pin From Net: NetName=I/O OUT_COM+ Pin=R47-1
Removed Pin From Net: NetName=I/O OUT_COM+ Pin=R48-1
Removed Pin From Net: NetName=NetD9_2 Pin=U1-1
Removed Pin From Net: NetName=I/O OUT_0 Pin=U1-2
Removed Pin From Net: NetName=NetD10_2 Pin=U2-1
Removed Pin From Net: NetName=I/O OUT_1 Pin=U2-2
Removed Pin From Net: NetName=NetD15_2 Pin=U3-1
Removed Pin From Net: NetName=I/O OUT_2 Pin=U3-2
Removed Pin From Net: NetName=OUT0 Pin=U4-2
Removed Pin From Net: NetName=OUT0 Pin=U4-2
Removed Pin From Net: NetName=OUT_GND Pin=U4-3
Removed Pin From Net: NetName=NetD39_2 Pin=U19-1
Removed Pin From Net: NetName=I/O OUT_10 Pin=U19-2
Removed Pin From Net: NetName=NetD40_2 Pin=U21-1
Removed Pin From Net: NetName=I/O OUT_11 Pin=U21-2
Removed Pin From Net: NetName=OUT10 Pin=U23-2
Removed Pin From Net: NetName=OUT10 Pin=U23-2
Removed Pin From Net: NetName=OUT_GND Pin=U23-3
Removed Pin From Net: NetName=OUT11 Pin=U24-2
Removed Pin From Net: NetName=OUT11 Pin=U24-2
Removed Pin From Net: NetName=OUT_GND Pin=U24-3
Removed Pin From Net: NetName=NetD45_2 Pin=U25-1
Removed Pin From Net: NetName=I/O OUT_12 Pin=U25-2
Removed Pin From Net: NetName=NetD46_2 Pin=U26-1
Removed Pin From Net: NetName=I/O OUT_13 Pin=U26-2
Removed Pin From Net: NetName=I/O OUT_14 Pin=U27-2
Removed Pin From Net: NetName=OUT12 Pin=U28-2
Removed Pin From Net: NetName=OUT12 Pin=U28-2
Removed Pin From Net: NetName=OUT_GND Pin=U28-3
Removed Pin From Net: NetName=I/O OUT_15 Pin=U29-2
Removed Pin From Net: NetName=OUT13 Pin=U30-2
Removed Pin From Net: NetName=OUT13 Pin=U30-2
Removed Pin From Net: NetName=OUT_GND Pin=U30-3
Removed Pin From Net: NetName=OUT14 Pin=U31-2
Removed Pin From Net: NetName=OUT14 Pin=U31-2
Removed Pin From Net: NetName=OUT_GND Pin=U31-3
Removed Pin From Net: NetName=OUT15 Pin=U32-2
Removed Pin From Net: NetName=OUT15 Pin=U32-2
Removed Pin From Net: NetName=OUT_GND Pin=U32-3
Removed Pin From Net: NetName=D1_GND Pin=U33-0
Removed Pin From Net: NetName=D2_GND Pin=U34-0
Removed Pin From Net: NetName=NetC2_1 Pin=U34-1
Removed Pin From Net: NetName=D2_GND Pin=U34-3
Removed Pin From Net: NetName=D2+5V Pin=U34-4
Removed Pin From Net: NetName=D2_GND Pin=U34-5
Removed Member From Class: ClassName=IO_Driver1616 Member=C2
Removed Member From Class: ClassName=IO_Driver1616 Member=C2
Removed Member From Class: ClassName=IO_Driver1616 Member=CP2
Removed Member From Class: ClassName=IO_Driver1616 Member=CP2
Removed Member From Class: ClassName=IO_Driver1616 Member=D11
Removed Member From Class: ClassName=IO_Driver1616 Member=D11
Removed Member From Class: ClassName=IO_Driver1616 Member=D11
Removed Member From Class: ClassName=IO_Driver1616 Member=D11
Removed Member From Class: ClassName=IO_Driver1616 Member=D11
Removed Member From Class: ClassName=IO_Driver1616 Member=D12
Removed Member From Class: ClassName=IO_Driver1616 Member=D12
Removed Member From Class: ClassName=IO_Driver1616 Member=D12
Removed Member From Class: ClassName=IO_Driver1616 Member=D12
Removed Member From Class: ClassName=IO_Driver1616 Member=D12
Removed Member From Class: ClassName=IO_Driver1616 Member=D13
Removed Member From Class: ClassName=IO_Driver1616 Member=D13
Removed Member From Class: ClassName=IO_Driver1616 Member=D13
Removed Member From Class: ClassName=IO_Driver1616 Member=D14
Removed Member From Class: ClassName=IO_Driver1616 Member=D14
Removed Member From Class: ClassName=IO_Driver1616 Member=D14
Removed Member From Class: ClassName=IO_Driver1616 Member=D17
Removed Member From Class: ClassName=IO_Driver1616 Member=D17
Removed Member From Class: ClassName=IO_Driver1616 Member=D17
Removed Member From Class: ClassName=IO_Driver1616 Member=D17
Removed Member From Class: ClassName=IO_Driver1616 Member=D17
Removed Member From Class: ClassName=IO_Driver1616 Member=D18
Removed Member From Class: ClassName=IO_Driver1616 Member=D18
Removed Member From Class: ClassName=IO_Driver1616 Member=D18
Removed Member From Class: ClassName=IO_Driver1616 Member=D18
Removed Member From Class: ClassName=IO_Driver1616 Member=D18
Removed Member From Class: ClassName=IO_Driver1616 Member=D19
Removed Member From Class: ClassName=IO_Driver1616 Member=D19
Removed Member From Class: ClassName=IO_Driver1616 Member=D19
Removed Member From Class: ClassName=IO_Driver1616 Member=D19
Removed Member From Class: ClassName=IO_Driver1616 Member=D19
Removed Member From Class: ClassName=IO_Driver1616 Member=D20
Removed Member From Class: ClassName=IO_Driver1616 Member=D20
Removed Member From Class: ClassName=IO_Driver1616 Member=D20
Removed Member From Class: ClassName=IO_Driver1616 Member=D20
Removed Member From Class: ClassName=IO_Driver1616 Member=D21
Removed Member From Class: ClassName=IO_Driver1616 Member=D22
Removed Member From Class: ClassName=IO_Driver1616 Member=D23
Removed Member From Class: ClassName=IO_Driver1616 Member=D24
Removed Member From Class: ClassName=IO_Driver1616 Member=D24
Removed Member From Class: ClassName=IO_Driver1616 Member=D35
Removed Member From Class: ClassName=IO_Driver1616 Member=D35
Removed Member From Class: ClassName=IO_Driver1616 Member=D35
Removed Member From Class: ClassName=IO_Driver1616 Member=D35
Removed Member From Class: ClassName=IO_Driver1616 Member=D35
Removed Member From Class: ClassName=IO_Driver1616 Member=D36
Removed Member From Class: ClassName=IO_Driver1616 Member=D36
Removed Member From Class: ClassName=IO_Driver1616 Member=D36
Removed Member From Class: ClassName=IO_Driver1616 Member=D36
Removed Member From Class: ClassName=IO_Driver1616 Member=D36
Removed Member From Class: ClassName=IO_Driver1616 Member=D39
Removed Member From Class: ClassName=IO_Driver1616 Member=D39
Removed Member From Class: ClassName=IO_Driver1616 Member=D39
Removed Member From Class: ClassName=IO_Driver1616 Member=D39
Removed Member From Class: ClassName=IO_Driver1616 Member=D39
Removed Member From Class: ClassName=IO_Driver1616 Member=D40
Removed Member From Class: ClassName=IO_Driver1616 Member=D40
Removed Member From Class: ClassName=IO_Driver1616 Member=D40
Removed Member From Class: ClassName=IO_Driver1616 Member=D40
Removed Member From Class: ClassName=IO_Driver1616 Member=D40
Removed Member From Class: ClassName=IO_Driver1616 Member=D41
Removed Member From Class: ClassName=IO_Driver1616 Member=D41
Removed Member From Class: ClassName=IO_Driver1616 Member=D41
Removed Member From Class: ClassName=IO_Driver1616 Member=D41
Removed Member From Class: ClassName=IO_Driver1616 Member=D41
Removed Member From Class: ClassName=IO_Driver1616 Member=D42
Removed Member From Class: ClassName=IO_Driver1616 Member=D42
Removed Member From Class: ClassName=IO_Driver1616 Member=D42
Removed Member From Class: ClassName=IO_Driver1616 Member=D42
Removed Member From Class: ClassName=IO_Driver1616 Member=D42
Removed Member From Class: ClassName=IO_Driver1616 Member=D43
Removed Member From Class: ClassName=IO_Driver1616 Member=D43
Removed Member From Class: ClassName=IO_Driver1616 Member=D43
Removed Member From Class: ClassName=IO_Driver1616 Member=D43
Removed Member From Class: ClassName=IO_Driver1616 Member=D43
Removed Member From Class: ClassName=IO_Driver1616 Member=D44
Removed Member From Class: ClassName=IO_Driver1616 Member=D44
Removed Member From Class: ClassName=IO_Driver1616 Member=D44
Removed Member From Class: ClassName=IO_Driver1616 Member=D44
Removed Member From Class: ClassName=IO_Driver1616 Member=D44
Removed Member From Class: ClassName=IO_Driver1616 Member=D45
Removed Member From Class: ClassName=IO_Driver1616 Member=D45
Removed Member From Class: ClassName=IO_Driver1616 Member=D45
Removed Member From Class: ClassName=IO_Driver1616 Member=D45
Removed Member From Class: ClassName=IO_Driver1616 Member=D45
Removed Member From Class: ClassName=IO_Driver1616 Member=D46
Removed Member From Class: ClassName=IO_Driver1616 Member=D46
Removed Member From Class: ClassName=IO_Driver1616 Member=D46
Removed Member From Class: ClassName=IO_Driver1616 Member=D46
Removed Member From Class: ClassName=IO_Driver1616 Member=D46
Removed Member From Class: ClassName=IO_Driver1616 Member=D47
Removed Member From Class: ClassName=IO_Driver1616 Member=D47
Removed Member From Class: ClassName=IO_Driver1616 Member=D47
Removed Member From Class: ClassName=IO_Driver1616 Member=D47
Removed Member From Class: ClassName=IO_Driver1616 Member=D47
Removed Member From Class: ClassName=IO_Driver1616 Member=D48
Removed Member From Class: ClassName=IO_Driver1616 Member=D48
Removed Member From Class: ClassName=IO_Driver1616 Member=D48
Removed Member From Class: ClassName=IO_Driver1616 Member=D48
Removed Member From Class: ClassName=IO_Driver1616 Member=D48
Removed Member From Class: ClassName=IO_Driver1616 Member=D54
Removed Member From Class: ClassName=IO_Driver1616 Member=D54
Removed Member From Class: ClassName=IO_Driver1616 Member=D54
Removed Member From Class: ClassName=IO_Driver1616 Member=D54
Removed Member From Class: ClassName=IO_Driver1616 Member=D55
Removed Member From Class: ClassName=IO_Driver1616 Member=D55
Removed Member From Class: ClassName=IO_Driver1616 Member=D55
Removed Member From Class: ClassName=IO_Driver1616 Member=D55
Removed Member From Class: ClassName=IO_Driver1616 Member=D55
Removed Member From Class: ClassName=IO_Driver1616 Member=D56
Removed Member From Class: ClassName=IO_Driver1616 Member=D56
Removed Member From Class: ClassName=IO_Driver1616 Member=D56
Removed Member From Class: ClassName=IO_Driver1616 Member=D56
Removed Member From Class: ClassName=IO_Driver1616 Member=D57
Removed Member From Class: ClassName=IO_Driver1616 Member=D57
Removed Member From Class: ClassName=IO_Driver1616 Member=D57
Removed Member From Class: ClassName=IO_Driver1616 Member=D57
Removed Member From Class: ClassName=IO_Driver1616 Member=D58
Removed Member From Class: ClassName=IO_Driver1616 Member=D58
Removed Member From Class: ClassName=IO_Driver1616 Member=D58
Removed Member From Class: ClassName=IO_Driver1616 Member=D58
Removed Member From Class: ClassName=IO_Driver1616 Member=J3
Removed Member From Class: ClassName=IO_Driver1616 Member=J3
Removed Member From Class: ClassName=IO_Driver1616 Member=LP2
Removed Member From Class: ClassName=IO_Driver1616 Member=R2
Removed Member From Class: ClassName=IO_Driver1616 Member=R2
Removed Member From Class: ClassName=IO_Driver1616 Member=R2
Removed Member From Class: ClassName=IO_Driver1616 Member=R2
Removed Member From Class: ClassName=IO_Driver1616 Member=R2
Removed Member From Class: ClassName=IO_Driver1616 Member=R3
Removed Member From Class: ClassName=IO_Driver1616 Member=R3
Removed Member From Class: ClassName=IO_Driver1616 Member=R3
Removed Member From Class: ClassName=IO_Driver1616 Member=R3
Removed Member From Class: ClassName=IO_Driver1616 Member=R3
Removed Member From Class: ClassName=IO_Driver1616 Member=R4
Removed Member From Class: ClassName=IO_Driver1616 Member=R4
Removed Member From Class: ClassName=IO_Driver1616 Member=R4
Removed Member From Class: ClassName=IO_Driver1616 Member=R4
Removed Member From Class: ClassName=IO_Driver1616 Member=R4
Removed Member From Class: ClassName=IO_Driver1616 Member=R11
Removed Member From Class: ClassName=IO_Driver1616 Member=R11
Removed Member From Class: ClassName=IO_Driver1616 Member=R11
Removed Member From Class: ClassName=IO_Driver1616 Member=R11
Removed Member From Class: ClassName=IO_Driver1616 Member=R11
Removed Member From Class: ClassName=IO_Driver1616 Member=R12
Removed Member From Class: ClassName=IO_Driver1616 Member=R12
Removed Member From Class: ClassName=IO_Driver1616 Member=R12
Removed Member From Class: ClassName=IO_Driver1616 Member=R12
Removed Member From Class: ClassName=IO_Driver1616 Member=R12
Removed Member From Class: ClassName=IO_Driver1616 Member=R13
Removed Member From Class: ClassName=IO_Driver1616 Member=R13
Removed Member From Class: ClassName=IO_Driver1616 Member=R13
Removed Member From Class: ClassName=IO_Driver1616 Member=R14
Removed Member From Class: ClassName=IO_Driver1616 Member=R14
Removed Member From Class: ClassName=IO_Driver1616 Member=R14
Removed Member From Class: ClassName=IO_Driver1616 Member=R17
Removed Member From Class: ClassName=IO_Driver1616 Member=R17
Removed Member From Class: ClassName=IO_Driver1616 Member=R17
Removed Member From Class: ClassName=IO_Driver1616 Member=R17
Removed Member From Class: ClassName=IO_Driver1616 Member=R17
Removed Member From Class: ClassName=IO_Driver1616 Member=R18
Removed Member From Class: ClassName=IO_Driver1616 Member=R18
Removed Member From Class: ClassName=IO_Driver1616 Member=R18
Removed Member From Class: ClassName=IO_Driver1616 Member=R18
Removed Member From Class: ClassName=IO_Driver1616 Member=R18
Removed Member From Class: ClassName=IO_Driver1616 Member=R19
Removed Member From Class: ClassName=IO_Driver1616 Member=R19
Removed Member From Class: ClassName=IO_Driver1616 Member=R19
Removed Member From Class: ClassName=IO_Driver1616 Member=R19
Removed Member From Class: ClassName=IO_Driver1616 Member=R19
Removed Member From Class: ClassName=IO_Driver1616 Member=R20
Removed Member From Class: ClassName=IO_Driver1616 Member=R20
Removed Member From Class: ClassName=IO_Driver1616 Member=R20
Removed Member From Class: ClassName=IO_Driver1616 Member=R20
Removed Member From Class: ClassName=IO_Driver1616 Member=R20
Removed Member From Class: ClassName=IO_Driver1616 Member=R21
Removed Member From Class: ClassName=IO_Driver1616 Member=R21
Removed Member From Class: ClassName=IO_Driver1616 Member=R22
Removed Member From Class: ClassName=IO_Driver1616 Member=R22
Removed Member From Class: ClassName=IO_Driver1616 Member=R23
Removed Member From Class: ClassName=IO_Driver1616 Member=R23
Removed Member From Class: ClassName=IO_Driver1616 Member=R24
Removed Member From Class: ClassName=IO_Driver1616 Member=R24
Removed Member From Class: ClassName=IO_Driver1616 Member=R35
Removed Member From Class: ClassName=IO_Driver1616 Member=R35
Removed Member From Class: ClassName=IO_Driver1616 Member=R35
Removed Member From Class: ClassName=IO_Driver1616 Member=R35
Removed Member From Class: ClassName=IO_Driver1616 Member=R35
Removed Member From Class: ClassName=IO_Driver1616 Member=R36
Removed Member From Class: ClassName=IO_Driver1616 Member=R36
Removed Member From Class: ClassName=IO_Driver1616 Member=R36
Removed Member From Class: ClassName=IO_Driver1616 Member=R36
Removed Member From Class: ClassName=IO_Driver1616 Member=R36
Removed Member From Class: ClassName=IO_Driver1616 Member=R39
Removed Member From Class: ClassName=IO_Driver1616 Member=R39
Removed Member From Class: ClassName=IO_Driver1616 Member=R39
Removed Member From Class: ClassName=IO_Driver1616 Member=R39
Removed Member From Class: ClassName=IO_Driver1616 Member=R39
Removed Member From Class: ClassName=IO_Driver1616 Member=R40
Removed Member From Class: ClassName=IO_Driver1616 Member=R40
Removed Member From Class: ClassName=IO_Driver1616 Member=R40
Removed Member From Class: ClassName=IO_Driver1616 Member=R40
Removed Member From Class: ClassName=IO_Driver1616 Member=R40
Removed Member From Class: ClassName=IO_Driver1616 Member=R41
Removed Member From Class: ClassName=IO_Driver1616 Member=R41
Removed Member From Class: ClassName=IO_Driver1616 Member=R41
Removed Member From Class: ClassName=IO_Driver1616 Member=R41
Removed Member From Class: ClassName=IO_Driver1616 Member=R41
Removed Member From Class: ClassName=IO_Driver1616 Member=R42
Removed Member From Class: ClassName=IO_Driver1616 Member=R42
Removed Member From Class: ClassName=IO_Driver1616 Member=R42
Removed Member From Class: ClassName=IO_Driver1616 Member=R42
Removed Member From Class: ClassName=IO_Driver1616 Member=R42
Removed Member From Class: ClassName=IO_Driver1616 Member=R43
Removed Member From Class: ClassName=IO_Driver1616 Member=R43
Removed Member From Class: ClassName=IO_Driver1616 Member=R43
Removed Member From Class: ClassName=IO_Driver1616 Member=R43
Removed Member From Class: ClassName=IO_Driver1616 Member=R43
Removed Member From Class: ClassName=IO_Driver1616 Member=R44
Removed Member From Class: ClassName=IO_Driver1616 Member=R44
Removed Member From Class: ClassName=IO_Driver1616 Member=R44
Removed Member From Class: ClassName=IO_Driver1616 Member=R44
Removed Member From Class: ClassName=IO_Driver1616 Member=R44
Removed Member From Class: ClassName=IO_Driver1616 Member=R45
Removed Member From Class: ClassName=IO_Driver1616 Member=R45
Removed Member From Class: ClassName=IO_Driver1616 Member=R45
Removed Member From Class: ClassName=IO_Driver1616 Member=R45
Removed Member From Class: ClassName=IO_Driver1616 Member=R45
Removed Member From Class: ClassName=IO_Driver1616 Member=R46
Removed Member From Class: ClassName=IO_Driver1616 Member=R46
Removed Member From Class: ClassName=IO_Driver1616 Member=R46
Removed Member From Class: ClassName=IO_Driver1616 Member=R46
Removed Member From Class: ClassName=IO_Driver1616 Member=R46
Removed Member From Class: ClassName=IO_Driver1616 Member=R47
Removed Member From Class: ClassName=IO_Driver1616 Member=R47
Removed Member From Class: ClassName=IO_Driver1616 Member=R47
Removed Member From Class: ClassName=IO_Driver1616 Member=R47
Removed Member From Class: ClassName=IO_Driver1616 Member=R47
Removed Member From Class: ClassName=IO_Driver1616 Member=R48
Removed Member From Class: ClassName=IO_Driver1616 Member=R48
Removed Member From Class: ClassName=IO_Driver1616 Member=R48
Removed Member From Class: ClassName=IO_Driver1616 Member=R48
Removed Member From Class: ClassName=IO_Driver1616 Member=R48
Removed Member From Class: ClassName=IO_Driver1616 Member=U19
Removed Member From Class: ClassName=IO_Driver1616 Member=U19
Removed Member From Class: ClassName=IO_Driver1616 Member=U19
Removed Member From Class: ClassName=IO_Driver1616 Member=U19
Removed Member From Class: ClassName=IO_Driver1616 Member=U19
Removed Member From Class: ClassName=IO_Driver1616 Member=U21
Removed Member From Class: ClassName=IO_Driver1616 Member=U21
Removed Member From Class: ClassName=IO_Driver1616 Member=U21
Removed Member From Class: ClassName=IO_Driver1616 Member=U21
Removed Member From Class: ClassName=IO_Driver1616 Member=U23
Removed Member From Class: ClassName=IO_Driver1616 Member=U23
Removed Member From Class: ClassName=IO_Driver1616 Member=U23
Removed Member From Class: ClassName=IO_Driver1616 Member=U23
Removed Member From Class: ClassName=IO_Driver1616 Member=U23
Removed Member From Class: ClassName=IO_Driver1616 Member=U24
Removed Member From Class: ClassName=IO_Driver1616 Member=U24
Removed Member From Class: ClassName=IO_Driver1616 Member=U24
Removed Member From Class: ClassName=IO_Driver1616 Member=U24
Removed Member From Class: ClassName=IO_Driver1616 Member=U24
Removed Member From Class: ClassName=IO_Driver1616 Member=U25
Removed Member From Class: ClassName=IO_Driver1616 Member=U25
Removed Member From Class: ClassName=IO_Driver1616 Member=U25
Removed Member From Class: ClassName=IO_Driver1616 Member=U25
Removed Member From Class: ClassName=IO_Driver1616 Member=U25
Removed Member From Class: ClassName=IO_Driver1616 Member=U26
Removed Member From Class: ClassName=IO_Driver1616 Member=U26
Removed Member From Class: ClassName=IO_Driver1616 Member=U26
Removed Member From Class: ClassName=IO_Driver1616 Member=U26
Removed Member From Class: ClassName=IO_Driver1616 Member=U27
Removed Member From Class: ClassName=IO_Driver1616 Member=U27
Removed Member From Class: ClassName=IO_Driver1616 Member=U27
Removed Member From Class: ClassName=IO_Driver1616 Member=U27
Removed Member From Class: ClassName=IO_Driver1616 Member=U27
Removed Member From Class: ClassName=IO_Driver1616 Member=U28
Removed Member From Class: ClassName=IO_Driver1616 Member=U28
Removed Member From Class: ClassName=IO_Driver1616 Member=U28
Removed Member From Class: ClassName=IO_Driver1616 Member=U28
Removed Member From Class: ClassName=IO_Driver1616 Member=U28
Removed Member From Class: ClassName=IO_Driver1616 Member=U29
Removed Member From Class: ClassName=IO_Driver1616 Member=U29
Removed Member From Class: ClassName=IO_Driver1616 Member=U29
Removed Member From Class: ClassName=IO_Driver1616 Member=U29
Removed Member From Class: ClassName=IO_Driver1616 Member=U29
Removed Member From Class: ClassName=IO_Driver1616 Member=U30
Removed Member From Class: ClassName=IO_Driver1616 Member=U30
Removed Member From Class: ClassName=IO_Driver1616 Member=U30
Removed Member From Class: ClassName=IO_Driver1616 Member=U30
Removed Member From Class: ClassName=IO_Driver1616 Member=U30
Removed Member From Class: ClassName=IO_Driver1616 Member=U31
Removed Member From Class: ClassName=IO_Driver1616 Member=U31
Removed Member From Class: ClassName=IO_Driver1616 Member=U31
Removed Member From Class: ClassName=IO_Driver1616 Member=U31
Removed Member From Class: ClassName=IO_Driver1616 Member=U32
Removed Member From Class: ClassName=IO_Driver1616 Member=U32
Removed Member From Class: ClassName=IO_Driver1616 Member=U32
Removed Member From Class: ClassName=IO_Driver1616 Member=U32
Removed Member From Class: ClassName=IO_Driver1616 Member=U34
Change Component Footprint: Designator=J1 Old Footprint=IDC34 -2.0 New Footprint=IDC26 -2.0
Change Component Footprint: Designator=D5 Old Footprint=sma New Footprint=LED
Change Component Footprint: Designator=D6 Old Footprint=sma New Footprint=LED
Change Component Footprint: Designator=D7 Old Footprint=sma New Footprint=LED
Change Component Footprint: Designator=D8 Old Footprint=sma New Footprint=LED
Change Component Footprint: Designator=U6 Old Footprint=SOT-89 New Footprint=SOP-89
Change Component Footprint: Designator=U7 Old Footprint=SOT-89 New Footprint=SOP-89
Change Component Footprint: Designator=U8 Old Footprint=SOT-89 New Footprint=SOP-89
Change Component Footprint: Designator=U12 Old Footprint=SOT-89 New Footprint=SOP-89
Change Component Footprint: Designator=U14 Old Footprint=SOT-89 New Footprint=SOP-89
Change Component Footprint: Designator=U15 Old Footprint=SOT-89 New Footprint=SOP-89
Change Component Footprint: Designator=U16 Old Footprint=SOT-89 New Footprint=SOP-89
Change Component Footprint: Designator=U20 Old Footprint=SOT-89 New Footprint=SOP-89
Change Component Footprint: Designator=U22 Old Footprint=SOT-89 New Footprint=SOP-89
Change Component Comment : Designator=D8 Old Comment=1N4007 New Comment=LED
Change Component Comment : Designator=D7 Old Comment=1N4007 New Comment=LED
Change Component Comment : Designator=D6 Old Comment=1N4007 New Comment=LED
Change Component Comment : Designator=D5 Old Comment=1N4007 New Comment=LED
Change Component Comment : Designator=U4 Old Comment=BCX56 New Comment=TLP250
Change Component Comment : Designator=J1 Old Comment=HEADER 17X2 New Comment=HEADER 13X2
Change Component Comment : Designator=U3 Old Comment=OPTOISO1 New Comment=TLP250
Change Component Comment : Designator=U2 Old Comment=OPTOISO1 New Comment=TLP250
Change Component Comment : Designator=U1 Old Comment=OPTOISO1 New Comment=TLP250
Change Component Designator: OldDesignator=D1 NewDesignator=D0
Change Component Designator: OldDesignator=D10 NewDesignator=DO1
Change Component Designator: OldDesignator=D15 NewDesignator=DO2
Change Component Designator: OldDesignator=D16 NewDesignator=DO3
Change Component Designator: OldDesignator=D25 NewDesignator=DO41
Change Component Designator: OldDesignator=D26 NewDesignator=DO51
Change Component Designator: OldDesignator=D27 NewDesignator=DO61
Change Component Designator: OldDesignator=D28 NewDesignator=DO71
Change Component Designator: OldDesignator=D29 NewDesignator=DO4
Change Component Designator: OldDesignator=D30 NewDesignator=DO5
Change Component Designator: OldDesignator=D31 NewDesignator=DO6
Change Component Designator: OldDesignator=D32 NewDesignator=DO7
Change Component Designator: OldDesignator=D33 NewDesignator=DO81
Change Component Designator: OldDesignator=D34 NewDesignator=DO91
Change Component Designator: OldDesignator=D37 NewDesignator=DO8
Change Component Designator: OldDesignator=D38 NewDesignator=DO9
Change Component Designator: OldDesignator=R1 NewDesignator=RIN0
Change Component Designator: OldDesignator=R5 NewDesignator=RO01
Change Component Designator: OldDesignator=R6 NewDesignator=RO11
Change Component Designator: OldDesignator=R7 NewDesignator=RO21
Change Component Designator: OldDesignator=R8 NewDesignator=RO31
Change Component Designator: OldDesignator=R9 NewDesignator=RO0
Change Component Designator: OldDesignator=R10 NewDesignator=RO1
Change Component Designator: OldDesignator=R15 NewDesignator=RO2
Change Component Designator: OldDesignator=R16 NewDesignator=RO3
Change Component Designator: OldDesignator=R25 NewDesignator=RO41
Change Component Designator: OldDesignator=R26 NewDesignator=RO51
Change Component Designator: OldDesignator=R27 NewDesignator=RO61
Change Component Designator: OldDesignator=R28 NewDesignator=RO71
Change Component Designator: OldDesignator=R29 NewDesignator=RO4
Change Component Designator: OldDesignator=R30 NewDesignator=RO5
Change Component Designator: OldDesignator=R31 NewDesignator=RO6
Change Component Designator: OldDesignator=R32 NewDesignator=RO7
Change Component Designator: OldDesignator=R33 NewDesignator=RO81
Change Component Designator: OldDesignator=R34 NewDesignator=RO91
Change Component Designator: OldDesignator=R37 NewDesignator=RO8
Change Component Designator: OldDesignator=R38 NewDesignator=RO9
Change Component Designator: OldDesignator=U5 NewDesignator=UOUT3
Change Component Designator: OldDesignator=U6 NewDesignator=UO11
Change Component Designator: OldDesignator=U7 NewDesignator=UO21
Change Component Designator: OldDesignator=U8 NewDesignator=UO31
Change Component Designator: OldDesignator=U9 NewDesignator=UOUT4
Change Component Designator: OldDesignator=U10 NewDesignator=UOUT5
Change Component Designator: OldDesignator=U11 NewDesignator=UOUT6
Change Component Designator: OldDesignator=U12 NewDesignator=UO41
Change Component Designator: OldDesignator=U13 NewDesignator=UOUT7
Change Component Designator: OldDesignator=U14 NewDesignator=UO51
Change Component Designator: OldDesignator=U15 NewDesignator=UO61
Change Component Designator: OldDesignator=U16 NewDesignator=UO71
Change Component Designator: OldDesignator=U17 NewDesignator=UOUT8
Change Component Designator: OldDesignator=U18 NewDesignator=UOUT9
Change Component Designator: OldDesignator=U20 NewDesignator=UO81
Change Component Designator: OldDesignator=U22 NewDesignator=UO91
Added Component: Designator=D1(LED)
Added Component: Designator=DO0(LED)
Added Component: Designator=DO01(sma)
Added Component: Designator=DO11(sma)
Added Component: Designator=DO21(sma)
Added Component: Designator=DO31(sma)
Added Component: Designator=RIN01(0805)
Added Component: Designator=RIN1(0805)
Added Component: Designator=RIN2(0805)
Added Component: Designator=RIN3(0805)
Added Component: Designator=RIN4(0805)
Added Component: Designator=RIN5(0805)
Added Component: Designator=RIN6(0805)
Added Component: Designator=RIN7(0805)
Added Component: Designator=RIN8(0805)
Added Component: Designator=RIN9(0805)
Added Component: Designator=RIN11(0805)
Added Component: Designator=RIN21(0805)
Added Component: Designator=RIN31(0805)
Added Component: Designator=RIN41(0805)
Added Component: Designator=RIN51(0805)
Added Component: Designator=RIN61(0805)
Added Component: Designator=RIN71(0805)
Added Component: Designator=RIN81(0805)
Added Component: Designator=RIN91(0805)
Added Component: Designator=UO01(SOP-89)
Added Component: Designator=UOUT0(SO4)
Added Component: Designator=UOUT1(SO4)
Added Component: Designator=UOUT2(SO4)
Added Pin To Net: NetName=D2+5V Pin=D0-1
Added Pin To Net: NetName=IN_0 Pin=D0-2
Added Pin To Net: NetName=NetD1_1 Pin=D1-1
Added Pin To Net: NetName=IN_1 Pin=D1-2
Added Pin To Net: NetName=IN_2 Pin=D2-2
Added Pin To Net: NetName=IN_3 Pin=D3-2
Added Pin To Net: NetName=IN_4 Pin=D4-2
Added Pin To Net: NetName=D2_GND Pin=D5-1
Added Pin To Net: NetName=IN_5 Pin=D5-2
Added Pin To Net: NetName=I/O OUT_10 Pin=D6-1
Added Pin To Net: NetName=IN_6 Pin=D6-2
Added Pin To Net: NetName=I/O OUT_11 Pin=D7-1
Added Pin To Net: NetName=IN_7 Pin=D7-2
Added Pin To Net: NetName=I/O OUT_12 Pin=D8-1
Added Pin To Net: NetName=IN_8 Pin=D8-2
Added Pin To Net: NetName=IN_9 Pin=D9-2
Added Pin To Net: NetName=I/O OUT_13 Pin=DO0-1
Added Pin To Net: NetName=I/O OUT_14 Pin=DO0-2
Added Pin To Net: NetName=OUT0 Pin=DO01-1
Added Pin To Net: NetName=I/O OUT_15 Pin=DO1-2
Added Pin To Net: NetName=OUT_COM+ Pin=DO01-2
Added Pin To Net: NetName=IN_10 Pin=DO2-2
Added Pin To Net: NetName=OUT1 Pin=DO11-1
Added Pin To Net: NetName=OUT_COM+ Pin=DO11-2
Added Pin To Net: NetName=OUT2 Pin=DO21-1
Added Pin To Net: NetName=OUT_COM+ Pin=DO21-2
Added Pin To Net: NetName=OUT3 Pin=DO31-1
Added Pin To Net: NetName=OUT_COM+ Pin=DO31-2
Added Pin To Net: NetName=IN_COM+ Pin=J1-21
Added Pin To Net: NetName=I/O OUT_COM+ Pin=J1-22
Added Pin To Net: NetName=IN_11 Pin=RIN0-1
Added Pin To Net: NetName=D2+5V Pin=RIN0-2
Added Pin To Net: NetName=IN_12 Pin=RIN1-1
Added Pin To Net: NetName=NetD46_2 Pin=RIN01-1
Added Pin To Net: NetName=NetD1_1 Pin=RIN1-2
Added Pin To Net: NetName=NetD45_2 Pin=RIN01-2
Added Pin To Net: NetName=IN_13 Pin=RIN2-1
Added Pin To Net: NetName=NetD2_1 Pin=RIN2-2
Added Pin To Net: NetName=IN_14 Pin=RIN3-1
Added Pin To Net: NetName=NetD3_1 Pin=RIN3-2
Added Pin To Net: NetName=IN_15 Pin=RIN4-1
Added Pin To Net: NetName=NetD4_1 Pin=RIN4-2
Added Pin To Net: NetName=NetC2_1 Pin=RIN5-1
Added Pin To Net: NetName=D2_GND Pin=RIN5-2
Added Pin To Net: NetName=NetD9_2 Pin=RIN6-1
Added Pin To Net: NetName=I/O OUT_10 Pin=RIN6-2
Added Pin To Net: NetName=NetD10_2 Pin=RIN7-1
Added Pin To Net: NetName=I/O OUT_11 Pin=RIN7-2
Added Pin To Net: NetName=NetD11_1 Pin=RIN8-1
Added Pin To Net: NetName=I/O OUT_12 Pin=RIN8-2
Added Pin To Net: NetName=NetD12_1 Pin=RIN9-1
Added Pin To Net: NetName=NetD9_1 Pin=RIN9-2
Added Pin To Net: NetName=NetD46_2 Pin=RIN11-1
Added Pin To Net: NetName=NetD45_1 Pin=RIN11-2
Added Pin To Net: NetName=NetD46_2 Pin=RIN21-1
Added Pin To Net: NetName=NetD40_2 Pin=RIN21-2
Added Pin To Net: NetName=NetD46_2 Pin=RIN31-1
Added Pin To Net: NetName=NetD40_1 Pin=RIN31-2
Added Pin To Net: NetName=NetD46_2 Pin=RIN41-1
Added Pin To Net: NetName=NetD39_2 Pin=RIN41-2
Added Pin To Net: NetName=NetD46_2 Pin=RIN51-1
Added Pin To Net: NetName=NetD39_1 Pin=RIN51-2
Added Pin To Net: NetName=NetD46_2 Pin=RIN61-1
Added Pin To Net: NetName=NetD24_1 Pin=RIN61-2
Added Pin To Net: NetName=NetD46_2 Pin=RIN71-1
Added Pin To Net: NetName=NetD23_1 Pin=RIN71-2
Added Pin To Net: NetName=NetD46_2 Pin=RIN81-1
Added Pin To Net: NetName=NetD22_1 Pin=RIN81-2
Added Pin To Net: NetName=NetD46_2 Pin=RIN91-1
Added Pin To Net: NetName=NetD21_1 Pin=RIN91-2
Added Pin To Net: NetName=I/O OUT_13 Pin=RO0-2
Added Pin To Net: NetName=NetD13_1 Pin=RO01-2
Added Pin To Net: NetName=NetD14_1 Pin=RO11-2
Added Pin To Net: NetName=NetD15_2 Pin=RO21-2
Added Pin To Net: NetName=NetD20_1 Pin=U1-1
Added Pin To Net: NetName=IN_13 Pin=U1-2
Added Pin To Net: NetName=NetD20_1 Pin=U1-3
Added Pin To Net: NetName=IN_14 Pin=U1-4
Added Pin To Net: NetName=NetD20_1 Pin=U2-1
Added Pin To Net: NetName=IN_15 Pin=U2-2
Added Pin To Net: NetName=NetD20_1 Pin=U2-3
Added Pin To Net: NetName=NetC2_1 Pin=U2-4
Added Pin To Net: NetName=NetD20_1 Pin=U3-1
Added Pin To Net: NetName=NetD9_2 Pin=U3-2
Added Pin To Net: NetName=NetD20_1 Pin=U3-3
Added Pin To Net: NetName=NetD10_2 Pin=U3-4
Added Pin To Net: NetName=NetD20_1 Pin=U4-1
Added Pin To Net: NetName=NetD11_1 Pin=U4-2
Added Pin To Net: NetName=NetD11_1 Pin=U4-2
Added Pin To Net: NetName=NetD20_1 Pin=U4-3
Added Pin To Net: NetName=NetD17_1 Pin=UO01-1
Added Pin To Net: NetName=OUT0 Pin=UO01-2
Added Pin To Net: NetName=OUT0 Pin=UO01-2
Added Pin To Net: NetName=OUT_GND Pin=UO01-3
Added Pin To Net: NetName=NetD18_1 Pin=UO11-1
Added Pin To Net: NetName=NetD19_1 Pin=UO21-1
Added Pin To Net: NetName=I/O OUT_14 Pin=UOUT0-1
Added Pin To Net: NetName=I/O OUT_0 Pin=UOUT0-2
Added Pin To Net: NetName=NetD17_1 Pin=UOUT0-3
Added Pin To Net: NetName=NetD13_1 Pin=UOUT0-4
Added Pin To Net: NetName=I/O OUT_15 Pin=UOUT1-1
Added Pin To Net: NetName=I/O OUT_1 Pin=UOUT1-2
Added Pin To Net: NetName=NetD18_1 Pin=UOUT1-3
Added Pin To Net: NetName=NetD14_1 Pin=UOUT1-4
Added Pin To Net: NetName=IN_10 Pin=UOUT2-1
Added Pin To Net: NetName=I/O OUT_2 Pin=UOUT2-2
Added Pin To Net: NetName=NetD19_1 Pin=UOUT2-3
Added Pin To Net: NetName=NetD15_2 Pin=UOUT2-4
Change Net Name : Old Net Name=D2+5V New Net Name=NetD0_1
Change Net Name : Old Net Name=D2_GND New Net Name=NetD5_1
Change Net Name : Old Net Name=I/O OUT_10 New Net Name=NetD6_1
Change Net Name : Old Net Name=I/O OUT_11 New Net Name=NetD7_1
Change Net Name : Old Net Name=I/O OUT_12 New Net Name=NetD8_1
Change Net Name : Old Net Name=I/O OUT_13 New Net Name=NetDO0_1
Change Net Name : Old Net Name=I/O OUT_14 New Net Name=NetDO0_2
Change Net Name : Old Net Name=I/O OUT_15 New Net Name=NetDO1_2
Change Net Name : Old Net Name=IN_10 New Net Name=NetDO2_2
Change Net Name : Old Net Name=IN_11 New Net Name=NetRIN0_1
Change Net Name : Old Net Name=IN_12 New Net Name=NetRIN1_1
Change Net Name : Old Net Name=IN_13 New Net Name=NetRIN2_1
Change Net Name : Old Net Name=IN_14 New Net Name=NetRIN3_1
Change Net Name : Old Net Name=IN_15 New Net Name=NetRIN4_1
Change Net Name : Old Net Name=NetC2_1 New Net Name=NetRIN5_1
Change Net Name : Old Net Name=NetD9_2 New Net Name=NetRIN6_1
Change Net Name : Old Net Name=NetD10_1 New Net Name=NetDO1_1
Change Net Name : Old Net Name=NetD10_2 New Net Name=NetRIN7_1
Change Net Name : Old Net Name=NetD11_1 New Net Name=NetRIN8_1
Change Net Name : Old Net Name=NetD12_1 New Net Name=NetRIN9_1
Change Net Name : Old Net Name=NetD13_1 New Net Name=NetRO01_2
Change Net Name : Old Net Name=NetD14_1 New Net Name=NetRO11_2
Change Net Name : Old Net Name=NetD15_1 New Net Name=NetDO2_1
Change Net Name : Old Net Name=NetD15_2 New Net Name=NetRO21_2
Change Net Name : Old Net Name=NetD16_1 New Net Name=NetDO3_1
Change Net Name : Old Net Name=NetD16_2 New Net Name=NetDO3_2
Change Net Name : Old Net Name=NetD17_1 New Net Name=NetUO01_1
Change Net Name : Old Net Name=NetD18_1 New Net Name=NetUO11_1
Change Net Name : Old Net Name=NetD19_1 New Net Name=NetUO21_1
Change Net Name : Old Net Name=NetD20_1 New Net Name=INCOM1
Change Net Name : Old Net Name=NetD21_1 New Net Name=I/O IN_9
Change Net Name : Old Net Name=NetD22_1 New Net Name=I/O IN_8
Change Net Name : Old Net Name=NetD23_1 New Net Name=I/O IN_7
Change Net Name : Old Net Name=NetD24_1 New Net Name=I/O IN_6
Change Net Name : Old Net Name=NetD29_1 New Net Name=NetDO4_1
Change Net Name : Old Net Name=NetD29_2 New Net Name=NetDO4_2
Change Net Name : Old Net Name=NetD30_1 New Net Name=NetDO5_1
Change Net Name : Old Net Name=NetD30_2 New Net Name=NetDO5_2
Change Net Name : Old Net Name=NetD31_1 New Net Name=NetDO6_1
Change Net Name : Old Net Name=NetD31_2 New Net Name=NetDO6_2
Change Net Name : Old Net Name=NetD32_1 New Net Name=NetDO7_1
Change Net Name : Old Net Name=NetD32_2 New Net Name=NetDO7_2
Change Net Name : Old Net Name=NetD37_1 New Net Name=NetDO8_1
Change Net Name : Old Net Name=NetD37_2 New Net Name=NetDO8_2
Change Net Name : Old Net Name=NetD38_1 New Net Name=NetDO9_1
Change Net Name : Old Net Name=NetD38_2 New Net Name=NetDO9_2
Change Net Name : Old Net Name=NetD39_1 New Net Name=I/O IN_5
Change Net Name : Old Net Name=NetD39_2 New Net Name=I/O IN_4
Change Net Name : Old Net Name=NetD40_1 New Net Name=I/O IN_3
Change Net Name : Old Net Name=NetD40_2 New Net Name=I/O IN_2
Change Net Name : Old Net Name=NetD45_1 New Net Name=I/O IN_1
Change Net Name : Old Net Name=NetD45_2 New Net Name=I/O IN_0
Change Net Name : Old Net Name=NetD46_1 New Net Name=D_GND
Change Net Name : Old Net Name=NetD46_2 New Net Name=D+3.3V
Change Net Name : Old Net Name=NetR8_2 New Net Name=NetRO31_2
Change Net Name : Old Net Name=NetR25_2 New Net Name=NetRO41_2
Change Net Name : Old Net Name=NetR26_2 New Net Name=NetRO51_2
Change Net Name : Old Net Name=NetR27_2 New Net Name=NetRO61_2
Change Net Name : Old Net Name=NetR28_2 New Net Name=NetRO71_2
Change Net Name : Old Net Name=NetR33_2 New Net Name=NetRO81_2
Change Net Name : Old Net Name=NetR34_2 New Net Name=NetRO91_2
Change Net Name : Old Net Name=NetU5_3 New Net Name=NetUO31_1
Change Net Name : Old Net Name=NetU9_3 New Net Name=NetUO41_1
Change Net Name : Old Net Name=NetU10_3 New Net Name=NetUO51_1
Change Net Name : Old Net Name=NetU11_3 New Net Name=NetUO61_1
Change Net Name : Old Net Name=NetU13_3 New Net Name=NetUO71_1
Change Net Name : Old Net Name=NetU17_3 New Net Name=NetUO81_1
Change Net Name : Old Net Name=NetU18_3 New Net Name=NetUO91_1
Added Member To Class: ClassName=IO_Driver1616 Member=Component D1 LED
Added Member To Class: ClassName=IO_Driver1616 Member=Component DO0 LED
Added Member To Class: ClassName=IO_Driver1616 Member=Component DO01 1N4007
Added Member To Class: ClassName=IO_Driver1616 Member=Component DO11 1N4007
Added Member To Class: ClassName=IO_Driver1616 Member=Component DO21 1N4007
Added Member To Class: ClassName=IO_Driver1616 Member=Component DO31 1N4007
Added Member To Class: ClassName=IO_Driver1616 Member=Component RIN01 3K
Added Member To Class: ClassName=IO_Driver1616 Member=Component RIN1 3K
Added Member To Class: ClassName=IO_Driver1616 Member=Component RIN2 3K
Added Member To Class: ClassName=IO_Driver1616 Member=Component RIN3 3K
Added Member To Class: ClassName=IO_Driver1616 Member=Component RIN4 3K
Added Member To Class: ClassName=IO_Driver1616 Member=Component RIN5 3K
Added Member To Class: ClassName=IO_Driver1616 Member=Component RIN6 3K
Added Member To Class: ClassName=IO_Driver1616 Member=Component RIN7 3K
Added Member To Class: ClassName=IO_Driver1616 Member=Component RIN8 3K
Added Member To Class: ClassName=IO_Driver1616 Member=Component RIN9 3K
Added Member To Class: ClassName=IO_Driver1616 Member=Component RIN11 3K
Added Member To Class: ClassName=IO_Driver1616 Member=Component RIN21 3K
Added Member To Class: ClassName=IO_Driver1616 Member=Component RIN31 3K
Added Member To Class: ClassName=IO_Driver1616 Member=Component RIN41 3K
Added Member To Class: ClassName=IO_Driver1616 Member=Component RIN51 3K
Added Member To Class: ClassName=IO_Driver1616 Member=Component RIN61 3K
Added Member To Class: ClassName=IO_Driver1616 Member=Component RIN71 3K
Added Member To Class: ClassName=IO_Driver1616 Member=Component RIN81 3K
Added Member To Class: ClassName=IO_Driver1616 Member=Component RIN91 3K
Added Member To Class: ClassName=IO_Driver1616 Member=Component UO01 BCX56
Added Member To Class: ClassName=IO_Driver1616 Member=Component UOUT0 OPTOISO1
Added Member To Class: ClassName=IO_Driver1616 Member=Component UOUT1 OPTOISO1
Added Member To Class: ClassName=IO_Driver1616 Member=Component UOUT2 OPTOISO1
Added Room: Name=IO_Driver1616
