Removed Pin From Net: NetName=OUT0 Pin=J2-5
Removed Pin From Net: NetName=OUT1 Pin=J2-6
Removed Pin From Net: NetName=OUT2 Pin=J2-7
Removed Pin From Net: NetName=OUT3 Pin=J2-8
Removed Pin From Net: NetName=OUT4 Pin=J2-9
Removed Pin From Net: NetName=OUT5 Pin=J2-10
Removed Pin From Net: NetName=OUT6 Pin=J2-11
Removed Pin From Net: NetName=OUT7 Pin=J2-12
Removed Pin From Net: NetName=I/O_IN0 Pin=J2-25
Removed Pin From Net: NetName=I/O_IN1 Pin=J2-26
Removed Pin From Net: NetName=I/O_IN2 Pin=J2-27
Removed Pin From Net: NetName=I/O_IN3 Pin=J2-28
Removed Pin From Net: NetName=I/O_IN4 Pin=J2-29
Removed Pin From Net: NetName=I/O_IN5 Pin=J2-30
Removed Pin From Net: NetName=I/O_IN6 Pin=J2-31
Removed Pin From Net: NetName=I/O_IN7 Pin=J2-32
Added Pin To Net: NetName=I/O_IN0 Pin=J2-5
Added Pin To Net: NetName=I/O_IN1 Pin=J2-6
Added Pin To Net: NetName=I/O_IN2 Pin=J2-7
Added Pin To Net: NetName=I/O_IN3 Pin=J2-8
Added Pin To Net: NetName=I/O_IN4 Pin=J2-9
Added Pin To Net: NetName=I/O_IN5 Pin=J2-10
Added Pin To Net: NetName=I/O_IN6 Pin=J2-11
Added Pin To Net: NetName=I/O_IN7 Pin=J2-12
Added Pin To Net: NetName=OUT0 Pin=J2-25
Added Pin To Net: NetName=OUT1 Pin=J2-26
Added Pin To Net: NetName=OUT2 Pin=J2-27
Added Pin To Net: NetName=OUT3 Pin=J2-28
Added Pin To Net: NetName=OUT4 Pin=J2-29
Added Pin To Net: NetName=OUT5 Pin=J2-30
Added Pin To Net: NetName=OUT6 Pin=J2-31
Added Pin To Net: NetName=OUT7 Pin=J2-32
Change Net Name : Old Net Name=I/O_IN8 New Net Name=OUT8
Change Net Name : Old Net Name=I/O_IN9 New Net Name=OUT9
Change Net Name : Old Net Name=I/O_IN10 New Net Name=OUT10
Change Net Name : Old Net Name=I/O_IN11 New Net Name=OUT11
Change Net Name : Old Net Name=I/O_IN12 New Net Name=OUT12
Change Net Name : Old Net Name=I/O_IN13 New Net Name=OUT13
Change Net Name : Old Net Name=I/O_IN14 New Net Name=OUT14
Change Net Name : Old Net Name=I/O_IN15 New Net Name=OUT15
Change Net Name : Old Net Name=OUT8 New Net Name=I/O_IN8
Change Net Name : Old Net Name=OUT9 New Net Name=I/O_IN9
Change Net Name : Old Net Name=OUT10 New Net Name=I/O_IN10
Change Net Name : Old Net Name=OUT11 New Net Name=I/O_IN11
Change Net Name : Old Net Name=OUT12 New Net Name=I/O_IN12
Change Net Name : Old Net Name=OUT13 New Net Name=I/O_IN13
Change Net Name : Old Net Name=OUT14 New Net Name=I/O_IN14
Change Net Name : Old Net Name=OUT15 New Net Name=I/O_IN15
